<?xml version="1.0" encoding="UTF-8"?>
<!-- Generated by org.testng.reporters.JUnitXMLReporter -->
<testsuite ignored="12" hostname="DESKTOP-I6282SK" failures="0" tests="7" name="Test" time="546.563" errors="0" timestamp="02 Sep 2024 06:05:23 GMT">
  <testcase classname="com.orangehrm.testcases.TC01_Login" name="login_HRM" time="5.39"/>
  <testcase classname="com.orangehrm.testcases.TC_02_PIMCreation" name="PimCreation" time="13.45"/>
  <testcase classname="com.orangehrm.testcases.TC_03_PIM_Search" name="PIMSearch" time="15.162"/>
  <testcase classname="com.orangehrm.testcases.TC_04_Admin_Creation" name="Admin_Creation" time="40.16"/>
  <testcase classname="com.orangehrm.testcases.TC_05_Admin_Search" name="Admin_search" time="20.66"/>
  <testcase classname="com.orangehrm.testcases.TC_06_Delete_Employee_PIM" name="Delete_Employees" time="18.41"/>
  <testcase classname="com.orangehrm.testcases.TC_07_delete_Employee_Admin" name="Delete_Employee_Admin" time="61.884"/>
  <testcase classname="com.orangeHrm_Reporter_Library.Reporter" name="@AfterSuite stopReport" time="0.0">
    <ignored/>
  </testcase> <!-- @AfterSuite stopReport -->
  <testcase classname="com.orangeHrm_Reporter_Library.Reporter" name="@AfterSuite stopReport" time="0.0">
    <ignored/>
  </testcase> <!-- @AfterSuite stopReport -->
  <testcase classname="com.orangeHrm_Reporter_Library.Reporter" name="@AfterSuite stopReport" time="0.0">
    <ignored/>
  </testcase> <!-- @AfterSuite stopReport -->
  <testcase classname="com.orangeHrm_Reporter_Library.Reporter" name="@AfterSuite stopReport" time="0.0">
    <ignored/>
  </testcase> <!-- @AfterSuite stopReport -->
  <testcase classname="com.orangeHrm_Reporter_Library.Reporter" name="@AfterSuite stopReport" time="0.0">
    <ignored/>
  </testcase> <!-- @AfterSuite stopReport -->
  <testcase classname="com.orangeHrm_Reporter_Library.Reporter" name="@AfterSuite stopReport" time="0.0">
    <ignored/>
  </testcase> <!-- @AfterSuite stopReport -->
  <testcase classname="com.orangeHrm_Reporter_Library.Reporter" name="@BeforeSuite startReport" time="0.0">
    <ignored/>
  </testcase> <!-- @BeforeSuite startReport -->
  <testcase classname="com.orangeHrm_Reporter_Library.Reporter" name="@BeforeSuite startReport" time="0.0">
    <ignored/>
  </testcase> <!-- @BeforeSuite startReport -->
  <testcase classname="com.orangeHrm_Reporter_Library.Reporter" name="@BeforeSuite startReport" time="0.0">
    <ignored/>
  </testcase> <!-- @BeforeSuite startReport -->
  <testcase classname="com.orangeHrm_Reporter_Library.Reporter" name="@BeforeSuite startReport" time="0.0">
    <ignored/>
  </testcase> <!-- @BeforeSuite startReport -->
  <testcase classname="com.orangeHrm_Reporter_Library.Reporter" name="@BeforeSuite startReport" time="0.0">
    <ignored/>
  </testcase> <!-- @BeforeSuite startReport -->
  <testcase classname="com.orangeHrm_Reporter_Library.Reporter" name="@BeforeSuite startReport" time="0.0">
    <ignored/>
  </testcase> <!-- @BeforeSuite startReport -->
</testsuite> <!-- Test -->
